<?xml version="1.0" encoding="UTF-8"?>
<!-- Generated by org.testng.reporters.JUnitReportReporter -->
<testsuite name="CaculatorTest" tests="1" time="0.012" ignored="0" failures="0" timestamp="08 十月 2018 03:06:46 GMT" skipped="0" hostname="SC-201806252107" errors="0">
  <testcase name="testAdd" time="0.012" classname="CaculatorTest"/>
</testsuite> <!-- CaculatorTest -->
